Command line invocation:
    /Applications/Xcode.app/Contents/Developer/usr/bin/xcodebuild -scheme PaperCenterV2 -destination "platform=iOS Simulator,name=iPhone 17 Pro" build

ComputePackagePrebuildTargetDependencyGraph

Prepare packages

CreateBuildRequest

SendProjectDescription

CreateBuildOperation

ComputeTargetDependencyGraph
note: Building targets in dependency order
note: Target dependency graph (1 target)
    Target 'PaperCenterV2' in project 'PaperCenterV2' (no dependencies)

GatherProvisioningInputs

CreateBuildDescription

ExecuteExternalTool /Applications/Xcode.app/Contents/Developer/Toolchains/XcodeDefault.xctoolchain/usr/bin/clang -v -E -dM -isysroot /Applications/Xcode.app/Contents/Developer/Platforms/iPhoneSimulator.platform/Developer/SDKs/iPhoneSimulator26.0.sdk -x c -c /dev/null

ExecuteExternalTool /Applications/Xcode.app/Contents/Developer/usr/bin/actool --print-asset-tag-combinations --output-format xml1 /Users/zhb/Documents/PaperCenterV2/PaperCenterV2/Assets.xcassets

ExecuteExternalTool /Applications/Xcode.app/Contents/Developer/usr/bin/actool --version --output-format xml1

ExecuteExternalTool /Applications/Xcode.app/Contents/Developer/Toolchains/XcodeDefault.xctoolchain/usr/bin/swiftc --version

ExecuteExternalTool /Applications/Xcode.app/Contents/Developer/Toolchains/XcodeDefault.xctoolchain/usr/bin/ld -version_details

Build description signature: 8bbcc219a6d35c6403be73180f8ab99e
Build description path: /Users/zhb/Library/Developer/Xcode/DerivedData/PaperCenterV2-ggvqsszscayaowbjhsvmhugfvmgq/Build/Intermediates.noindex/XCBuildData/8bbcc219a6d35c6403be73180f8ab99e.xcbuilddata
ClangStatCache /Applications/Xcode.app/Contents/Developer/Toolchains/XcodeDefault.xctoolchain/usr/bin/clang-stat-cache /Applications/Xcode.app/Contents/Developer/Platforms/iPhoneSimulator.platform/Developer/SDKs/iPhoneSimulator26.0.sdk /Users/zhb/Library/Developer/Xcode/DerivedData/SDKStatCaches.noindex/iphonesimulator26.0-23A339-26257891a6c027eb51374368541b8346.sdkstatcache
    cd /Users/zhb/Documents/PaperCenterV2/PaperCenterV2.xcodeproj
    /Applications/Xcode.app/Contents/Developer/Toolchains/XcodeDefault.xctoolchain/usr/bin/clang-stat-cache /Applications/Xcode.app/Contents/Developer/Platforms/iPhoneSimulator.platform/Developer/SDKs/iPhoneSimulator26.0.sdk -o /Users/zhb/Library/Developer/Xcode/DerivedData/SDKStatCaches.noindex/iphonesimulator26.0-23A339-26257891a6c027eb51374368541b8346.sdkstatcache

ProcessInfoPlistFile /Users/zhb/Library/Developer/Xcode/DerivedData/PaperCenterV2-ggvqsszscayaowbjhsvmhugfvmgq/Build/Products/Debug-iphonesimulator/PaperCenterV2.app/Info.plist /Users/zhb/Documents/PaperCenterV2/PaperCenterV2/Info.plist (in target 'PaperCenterV2' from project 'PaperCenterV2')
    cd /Users/zhb/Documents/PaperCenterV2
    builtin-infoPlistUtility /Users/zhb/Documents/PaperCenterV2/PaperCenterV2/Info.plist -producttype com.apple.product-type.application -genpkginfo /Users/zhb/Library/Developer/Xcode/DerivedData/PaperCenterV2-ggvqsszscayaowbjhsvmhugfvmgq/Build/Products/Debug-iphonesimulator/PaperCenterV2.app/PkgInfo -expandbuildsettings -format binary -platform iphonesimulator -additionalcontentfile /Users/zhb/Library/Developer/Xcode/DerivedData/PaperCenterV2-ggvqsszscayaowbjhsvmhugfvmgq/Build/Intermediates.noindex/PaperCenterV2.build/Debug-iphonesimulator/PaperCenterV2.build/assetcatalog_generated_info.plist -o /Users/zhb/Library/Developer/Xcode/DerivedData/PaperCenterV2-ggvqsszscayaowbjhsvmhugfvmgq/Build/Products/Debug-iphonesimulator/PaperCenterV2.app/Info.plist

SwiftDriver PaperCenterV2 normal arm64 com.apple.xcode.tools.swift.compiler (in target 'PaperCenterV2' from project 'PaperCenterV2')
    cd /Users/zhb/Documents/PaperCenterV2
    builtin-SwiftDriver -- /Applications/Xcode.app/Contents/Developer/Toolchains/XcodeDefault.xctoolchain/usr/bin/swiftc -module-name PaperCenterV2 -Onone -enforce-exclusivity\=checked @/Users/zhb/Library/Developer/Xcode/DerivedData/PaperCenterV2-ggvqsszscayaowbjhsvmhugfvmgq/Build/Intermediates.noindex/PaperCenterV2.build/Debug-iphonesimulator/PaperCenterV2.build/Objects-normal/arm64/PaperCenterV2.SwiftFileList -DDEBUG -default-isolation\=MainActor -enable-bare-slash-regex -enable-upcoming-feature DisableOutwardActorInference -enable-upcoming-feature InferSendableFromCaptures -enable-upcoming-feature GlobalActorIsolatedTypesUsability -enable-upcoming-feature MemberImportVisibility -enable-upcoming-feature InferIsolatedConformances -enable-upcoming-feature NonisolatedNonsendingByDefault -enable-experimental-feature DebugDescriptionMacro -sdk /Applications/Xcode.app/Contents/Developer/Platforms/iPhoneSimulator.platform/Developer/SDKs/iPhoneSimulator26.0.sdk -target arm64-apple-ios17.0-simulator -g -module-cache-path /Users/zhb/Library/Developer/Xcode/DerivedData/ModuleCache.noindex -Xfrontend -serialize-debugging-options -profile-coverage-mapping -profile-generate -enable-testing -index-store-path /Users/zhb/Library/Developer/Xcode/DerivedData/PaperCenterV2-ggvqsszscayaowbjhsvmhugfvmgq/Index.noindex/DataStore -Xcc -D_LIBCPP_HARDENING_MODE\=_LIBCPP_HARDENING_MODE_DEBUG -swift-version 5 -I /Users/zhb/Library/Developer/Xcode/DerivedData/PaperCenterV2-ggvqsszscayaowbjhsvmhugfvmgq/Build/Products/Debug-iphonesimulator -F /Users/zhb/Library/Developer/Xcode/DerivedData/PaperCenterV2-ggvqsszscayaowbjhsvmhugfvmgq/Build/Products/Debug-iphonesimulator -emit-localized-strings -emit-localized-strings-path /Users/zhb/Library/Developer/Xcode/DerivedData/PaperCenterV2-ggvqsszscayaowbjhsvmhugfvmgq/Build/Intermediates.noindex/PaperCenterV2.build/Debug-iphonesimulator/PaperCenterV2.build/Objects-normal/arm64 -c -j10 -enable-batch-mode -incremental -Xcc -ivfsstatcache -Xcc /Users/zhb/Library/Developer/Xcode/DerivedData/SDKStatCaches.noindex/iphonesimulator26.0-23A339-26257891a6c027eb51374368541b8346.sdkstatcache -output-file-map /Users/zhb/Library/Developer/Xcode/DerivedData/PaperCenterV2-ggvqsszscayaowbjhsvmhugfvmgq/Build/Intermediates.noindex/PaperCenterV2.build/Debug-iphonesimulator/PaperCenterV2.build/Objects-normal/arm64/PaperCenterV2-OutputFileMap.json -use-frontend-parseable-output -save-temps -no-color-diagnostics -explicit-module-build -module-cache-path /Users/zhb/Library/Developer/Xcode/DerivedData/PaperCenterV2-ggvqsszscayaowbjhsvmhugfvmgq/Build/Intermediates.noindex/SwiftExplicitPrecompiledModules -clang-scanner-module-cache-path /Users/zhb/Library/Developer/Xcode/DerivedData/ModuleCache.noindex -sdk-module-cache-path /Users/zhb/Library/Developer/Xcode/DerivedData/ModuleCache.noindex -serialize-diagnostics -emit-dependencies -emit-module -emit-module-path /Users/zhb/Library/Developer/Xcode/DerivedData/PaperCenterV2-ggvqsszscayaowbjhsvmhugfvmgq/Build/Intermediates.noindex/PaperCenterV2.build/Debug-iphonesimulator/PaperCenterV2.build/Objects-normal/arm64/PaperCenterV2.swiftmodule -validate-clang-modules-once -clang-build-session-file /Users/zhb/Library/Developer/Xcode/DerivedData/ModuleCache.noindex/Session.modulevalidation -Xcc -I/Users/zhb/Library/Developer/Xcode/DerivedData/PaperCenterV2-ggvqsszscayaowbjhsvmhugfvmgq/Build/Intermediates.noindex/PaperCenterV2.build/Debug-iphonesimulator/PaperCenterV2.build/swift-overrides.hmap -emit-const-values -Xfrontend -const-gather-protocols-file -Xfrontend /Users/zhb/Library/Developer/Xcode/DerivedData/PaperCenterV2-ggvqsszscayaowbjhsvmhugfvmgq/Build/Intermediates.noindex/PaperCenterV2.build/Debug-iphonesimulator/PaperCenterV2.build/Objects-normal/arm64/PaperCenterV2_const_extract_protocols.json -Xcc -iquote -Xcc /Users/zhb/Library/Developer/Xcode/DerivedData/PaperCenterV2-ggvqsszscayaowbjhsvmhugfvmgq/Build/Intermediates.noindex/PaperCenterV2.build/Debug-iphonesimulator/PaperCenterV2.build/PaperCenterV2-generated-files.hmap -Xcc -I/Users/zhb/Library/Developer/Xcode/DerivedData/PaperCenterV2-ggvqsszscayaowbjhsvmhugfvmgq/Build/Intermediates.noindex/PaperCenterV2.build/Debug-iphonesimulator/PaperCenterV2.build/PaperCenterV2-own-target-headers.hmap -Xcc -I/Users/zhb/Library/Developer/Xcode/DerivedData/PaperCenterV2-ggvqsszscayaowbjhsvmhugfvmgq/Build/Intermediates.noindex/PaperCenterV2.build/Debug-iphonesimulator/PaperCenterV2.build/PaperCenterV2-all-target-headers.hmap -Xcc -iquote -Xcc /Users/zhb/Library/Developer/Xcode/DerivedData/PaperCenterV2-ggvqsszscayaowbjhsvmhugfvmgq/Build/Intermediates.noindex/PaperCenterV2.build/Debug-iphonesimulator/PaperCenterV2.build/PaperCenterV2-project-headers.hmap -Xcc -I/Users/zhb/Library/Developer/Xcode/DerivedData/PaperCenterV2-ggvqsszscayaowbjhsvmhugfvmgq/Build/Products/Debug-iphonesimulator/include -Xcc -I/Users/zhb/Library/Developer/Xcode/DerivedData/PaperCenterV2-ggvqsszscayaowbjhsvmhugfvmgq/Build/Intermediates.noindex/PaperCenterV2.build/Debug-iphonesimulator/PaperCenterV2.build/DerivedSources-normal/arm64 -Xcc -I/Users/zhb/Library/Developer/Xcode/DerivedData/PaperCenterV2-ggvqsszscayaowbjhsvmhugfvmgq/Build/Intermediates.noindex/PaperCenterV2.build/Debug-iphonesimulator/PaperCenterV2.build/DerivedSources/arm64 -Xcc -I/Users/zhb/Library/Developer/Xcode/DerivedData/PaperCenterV2-ggvqsszscayaowbjhsvmhugfvmgq/Build/Intermediates.noindex/PaperCenterV2.build/Debug-iphonesimulator/PaperCenterV2.build/DerivedSources -Xcc -DDEBUG\=1 -emit-objc-header -emit-objc-header-path /Users/zhb/Library/Developer/Xcode/DerivedData/PaperCenterV2-ggvqsszscayaowbjhsvmhugfvmgq/Build/Intermediates.noindex/PaperCenterV2.build/Debug-iphonesimulator/PaperCenterV2.build/Objects-normal/arm64/PaperCenterV2-Swift.h -working-directory /Users/zhb/Documents/PaperCenterV2 -experimental-emit-module-separately -disable-cmo

SwiftCompile normal arm64 Compiling\ PageVersion.swift,\ PDFBundle.swift,\ OCRSettings.swift,\ PDFImportService.swift /Users/zhb/Documents/PaperCenterV2/PaperCenterV2/Models/Core/PageVersion.swift /Users/zhb/Documents/PaperCenterV2/PaperCenterV2/Models/Core/PDFBundle.swift /Users/zhb/Documents/PaperCenterV2/PaperCenterV2/Services/OCRSettings.swift /Users/zhb/Documents/PaperCenterV2/PaperCenterV2/Services/PDFImportService.swift (in target 'PaperCenterV2' from project 'PaperCenterV2')

SwiftCompile normal arm64 /Users/zhb/Documents/PaperCenterV2/PaperCenterV2/Models/Core/PageVersion.swift (in target 'PaperCenterV2' from project 'PaperCenterV2')
    cd /Users/zhb/Documents/PaperCenterV2
    

SwiftCompile normal arm64 /Users/zhb/Documents/PaperCenterV2/PaperCenterV2/Models/Core/PDFBundle.swift (in target 'PaperCenterV2' from project 'PaperCenterV2')
    cd /Users/zhb/Documents/PaperCenterV2
    

SwiftCompile normal arm64 /Users/zhb/Documents/PaperCenterV2/PaperCenterV2/Services/OCRSettings.swift (in target 'PaperCenterV2' from project 'PaperCenterV2')
    cd /Users/zhb/Documents/PaperCenterV2
    

SwiftCompile normal arm64 /Users/zhb/Documents/PaperCenterV2/PaperCenterV2/Services/PDFImportService.swift (in target 'PaperCenterV2' from project 'PaperCenterV2')
    cd /Users/zhb/Documents/PaperCenterV2
    

SwiftCompile normal arm64 Compiling\ TagEditView.swift,\ TagGroupEditView.swift,\ TagGroupListView.swift /Users/zhb/Documents/PaperCenterV2/PaperCenterV2/Views/Properties/TagEditView.swift /Users/zhb/Documents/PaperCenterV2/PaperCenterV2/Views/Properties/TagGroupEditView.swift /Users/zhb/Documents/PaperCenterV2/PaperCenterV2/Views/Properties/TagGroupListView.swift (in target 'PaperCenterV2' from project 'PaperCenterV2')
SwiftCompile normal arm64 /Users/zhb/Documents/PaperCenterV2/PaperCenterV2/Views/Properties/TagEditView.swift (in target 'PaperCenterV2' from project 'PaperCenterV2')
    cd /Users/zhb/Documents/PaperCenterV2
    

SwiftCompile normal arm64 /Users/zhb/Documents/PaperCenterV2/PaperCenterV2/Views/Properties/TagGroupEditView.swift (in target 'PaperCenterV2' from project 'PaperCenterV2')
    cd /Users/zhb/Documents/PaperCenterV2
    

SwiftCompile normal arm64 /Users/zhb/Documents/PaperCenterV2/PaperCenterV2/Views/Properties/TagGroupListView.swift (in target 'PaperCenterV2' from project 'PaperCenterV2')
    cd /Users/zhb/Documents/PaperCenterV2
    

SwiftCompile normal arm64 Compiling\ PDFBundleListView.swift,\ PDFBundleRowView.swift,\ PropertiesManagementView.swift /Users/zhb/Documents/PaperCenterV2/PaperCenterV2/Views/PDFBundle/PDFBundleListView.swift /Users/zhb/Documents/PaperCenterV2/PaperCenterV2/Views/PDFBundle/PDFBundleRowView.swift /Users/zhb/Documents/PaperCenterV2/PaperCenterV2/Views/Properties/PropertiesManagementView.swift (in target 'PaperCenterV2' from project 'PaperCenterV2')
SwiftCompile normal arm64 /Users/zhb/Documents/PaperCenterV2/PaperCenterV2/Views/PDFBundle/PDFBundleListView.swift (in target 'PaperCenterV2' from project 'PaperCenterV2')
    cd /Users/zhb/Documents/PaperCenterV2
    

SwiftCompile normal arm64 /Users/zhb/Documents/PaperCenterV2/PaperCenterV2/Views/PDFBundle/PDFBundleRowView.swift (in target 'PaperCenterV2' from project 'PaperCenterV2')
    cd /Users/zhb/Documents/PaperCenterV2
    

SwiftCompile normal arm64 /Users/zhb/Documents/PaperCenterV2/PaperCenterV2/Views/Properties/PropertiesManagementView.swift (in target 'PaperCenterV2' from project 'PaperCenterV2')
    cd /Users/zhb/Documents/PaperCenterV2
    

SwiftCompile normal arm64 Compiling\ TagVariableAssignmentView.swift,\ VariableDisplayView.swift,\ OCRDebugView.swift,\ DocCreationView.swift /Users/zhb/Documents/PaperCenterV2/PaperCenterV2/Views/Components/TagVariableAssignmentView.swift /Users/zhb/Documents/PaperCenterV2/PaperCenterV2/Views/Components/VariableDisplayView.swift /Users/zhb/Documents/PaperCenterV2/PaperCenterV2/Views/Debug/OCRDebugView.swift /Users/zhb/Documents/PaperCenterV2/PaperCenterV2/Views/Doc/DocCreationView.swift (in target 'PaperCenterV2' from project 'PaperCenterV2')

SwiftCompile normal arm64 /Users/zhb/Documents/PaperCenterV2/PaperCenterV2/Views/Components/TagVariableAssignmentView.swift (in target 'PaperCenterV2' from project 'PaperCenterV2')
    cd /Users/zhb/Documents/PaperCenterV2
    

SwiftCompile normal arm64 /Users/zhb/Documents/PaperCenterV2/PaperCenterV2/Views/Components/VariableDisplayView.swift (in target 'PaperCenterV2' from project 'PaperCenterV2')
    cd /Users/zhb/Documents/PaperCenterV2
    

SwiftCompile normal arm64 /Users/zhb/Documents/PaperCenterV2/PaperCenterV2/Views/Debug/OCRDebugView.swift (in target 'PaperCenterV2' from project 'PaperCenterV2')
    cd /Users/zhb/Documents/PaperCenterV2
    

SwiftCompile normal arm64 /Users/zhb/Documents/PaperCenterV2/PaperCenterV2/Views/Doc/DocCreationView.swift (in target 'PaperCenterV2' from project 'PaperCenterV2')
    cd /Users/zhb/Documents/PaperCenterV2
    

SwiftEmitModule normal arm64 Emitting\ module\ for\ PaperCenterV2 (in target 'PaperCenterV2' from project 'PaperCenterV2')

EmitSwiftModule normal arm64 (in target 'PaperCenterV2' from project 'PaperCenterV2')
    cd /Users/zhb/Documents/PaperCenterV2
    

SwiftCompile normal arm64 Compiling\ TagGroupManagementView.swift,\ TagListView.swift,\ VariableEditView.swift /Users/zhb/Documents/PaperCenterV2/PaperCenterV2/Views/Properties/TagGroupManagementView.swift /Users/zhb/Documents/PaperCenterV2/PaperCenterV2/Views/Properties/TagListView.swift /Users/zhb/Documents/PaperCenterV2/PaperCenterV2/Views/Properties/VariableEditView.swift (in target 'PaperCenterV2' from project 'PaperCenterV2')

SwiftCompile normal arm64 /Users/zhb/Documents/PaperCenterV2/PaperCenterV2/Views/Properties/TagGroupManagementView.swift (in target 'PaperCenterV2' from project 'PaperCenterV2')
    cd /Users/zhb/Documents/PaperCenterV2
    

SwiftCompile normal arm64 /Users/zhb/Documents/PaperCenterV2/PaperCenterV2/Views/Properties/TagListView.swift (in target 'PaperCenterV2' from project 'PaperCenterV2')
    cd /Users/zhb/Documents/PaperCenterV2
    

SwiftCompile normal arm64 /Users/zhb/Documents/PaperCenterV2/PaperCenterV2/Views/Properties/VariableEditView.swift (in target 'PaperCenterV2' from project 'PaperCenterV2')
    cd /Users/zhb/Documents/PaperCenterV2
    

SwiftCompile normal arm64 Compiling\ Doc.swift,\ NoteBlock.swift,\ Page.swift,\ PageGroup.swift /Users/zhb/Documents/PaperCenterV2/PaperCenterV2/Models/Core/Doc.swift /Users/zhb/Documents/PaperCenterV2/PaperCenterV2/Models/Core/NoteBlock.swift /Users/zhb/Documents/PaperCenterV2/PaperCenterV2/Models/Core/Page.swift /Users/zhb/Documents/PaperCenterV2/PaperCenterV2/Models/Core/PageGroup.swift (in target 'PaperCenterV2' from project 'PaperCenterV2')
SwiftCompile normal arm64 /Users/zhb/Documents/PaperCenterV2/PaperCenterV2/Models/Core/Doc.swift (in target 'PaperCenterV2' from project 'PaperCenterV2')
    cd /Users/zhb/Documents/PaperCenterV2
    

SwiftCompile normal arm64 /Users/zhb/Documents/PaperCenterV2/PaperCenterV2/Models/Core/NoteBlock.swift (in target 'PaperCenterV2' from project 'PaperCenterV2')
    cd /Users/zhb/Documents/PaperCenterV2
    

SwiftCompile normal arm64 /Users/zhb/Documents/PaperCenterV2/PaperCenterV2/Models/Core/Page.swift (in target 'PaperCenterV2' from project 'PaperCenterV2')
    cd /Users/zhb/Documents/PaperCenterV2
    

SwiftCompile normal arm64 /Users/zhb/Documents/PaperCenterV2/PaperCenterV2/Models/Core/PageGroup.swift (in target 'PaperCenterV2' from project 'PaperCenterV2')
    cd /Users/zhb/Documents/PaperCenterV2
    

SwiftCompile normal arm64 Compiling\ PropertyScopeSelector.swift,\ PropertyTypeSelector.swift,\ TagColorPicker.swift,\ TagDisplayView.swift /Users/zhb/Documents/PaperCenterV2/PaperCenterV2/Views/Components/PropertyScopeSelector.swift /Users/zhb/Documents/PaperCenterV2/PaperCenterV2/Views/Components/PropertyTypeSelector.swift /Users/zhb/Documents/PaperCenterV2/PaperCenterV2/Views/Components/TagColorPicker.swift /Users/zhb/Documents/PaperCenterV2/PaperCenterV2/Views/Components/TagDisplayView.swift (in target 'PaperCenterV2' from project 'PaperCenterV2')

SwiftCompile normal arm64 /Users/zhb/Documents/PaperCenterV2/PaperCenterV2/Views/Components/PropertyScopeSelector.swift (in target 'PaperCenterV2' from project 'PaperCenterV2')
    cd /Users/zhb/Documents/PaperCenterV2
    

SwiftCompile normal arm64 /Users/zhb/Documents/PaperCenterV2/PaperCenterV2/Views/Components/PropertyTypeSelector.swift (in target 'PaperCenterV2' from project 'PaperCenterV2')
    cd /Users/zhb/Documents/PaperCenterV2
    

SwiftCompile normal arm64 /Users/zhb/Documents/PaperCenterV2/PaperCenterV2/Views/Components/TagColorPicker.swift (in target 'PaperCenterV2' from project 'PaperCenterV2')
    cd /Users/zhb/Documents/PaperCenterV2
    

SwiftCompile normal arm64 /Users/zhb/Documents/PaperCenterV2/PaperCenterV2/Views/Components/TagDisplayView.swift (in target 'PaperCenterV2' from project 'PaperCenterV2')
    cd /Users/zhb/Documents/PaperCenterV2
    

SwiftCompile normal arm64 Compiling\ PropertyManagementService.swift,\ DocListViewModel.swift,\ PDFBundleListViewModel.swift,\ PDFImportViewModel.swift /Users/zhb/Documents/PaperCenterV2/PaperCenterV2/Services/PropertyManagementService.swift /Users/zhb/Documents/PaperCenterV2/PaperCenterV2/ViewModels/DocListViewModel.swift /Users/zhb/Documents/PaperCenterV2/PaperCenterV2/ViewModels/PDFBundleListViewModel.swift /Users/zhb/Documents/PaperCenterV2/PaperCenterV2/ViewModels/PDFImportViewModel.swift (in target 'PaperCenterV2' from project 'PaperCenterV2')
Failed frontend command:
/Applications/Xcode.app/Contents/Developer/Toolchains/XcodeDefault.xctoolchain/usr/bin/swift-frontend -frontend -c /Users/zhb/Documents/PaperCenterV2/PaperCenterV2/Models/Core/Doc.swift /Users/zhb/Documents/PaperCenterV2/PaperCenterV2/Models/Core/NoteBlock.swift /Users/zhb/Documents/PaperCenterV2/PaperCenterV2/Models/Core/Page.swift /Users/zhb/Documents/PaperCenterV2/PaperCenterV2/Models/Core/PageGroup.swift /Users/zhb/Documents/PaperCenterV2/PaperCenterV2/Models/Core/PageVersion.swift /Users/zhb/Documents/PaperCenterV2/PaperCenterV2/Models/Core/PDFBundle.swift /Users/zhb/Documents/PaperCenterV2/PaperCenterV2/Models/Enums/TagScope.swift /Users/zhb/Documents/PaperCenterV2/PaperCenterV2/Models/Enums/VariableScope.swift /Users/zhb/Documents/PaperCenterV2/PaperCenterV2/Models/Enums/VariableType.swift /Users/zhb/Documents/PaperCenterV2/PaperCenterV2/Models/Metadata/PropertyOrdering.swift /Users/zhb/Documents/PaperCenterV2/PaperCenterV2/Models/Metadata/Tag.swift /Users/zhb/Documents/PaperCenterV2/PaperCenterV2/Models/Metadata/TagGroup.swift /Users/zhb/Documents/PaperCenterV2/PaperCenterV2/Models/Metadata/Variable.swift /Users/zhb/Documents/PaperCenterV2/PaperCenterV2/Models/Metadata/VariableAssignment.swift /Users/zhb/Documents/PaperCenterV2/PaperCenterV2/Services/DocCreationService.swift /Users/zhb/Documents/PaperCenterV2/PaperCenterV2/Services/MetadataFormattingService.swift /Users/zhb/Documents/PaperCenterV2/PaperCenterV2/Services/OCRSettings.swift /Users/zhb/Documents/PaperCenterV2/PaperCenterV2/Services/PDFImportService.swift -primary-file /Users/zhb/Documents/PaperCenterV2/PaperCenterV2/Services/PropertyManagementService.swift -primary-file /Users/zhb/Documents/PaperCenterV2/PaperCenterV2/ViewModels/DocListViewModel.swift -primary-file /Users/zhb/Documents/PaperCenterV2/PaperCenterV2/ViewModels/PDFBundleListViewModel.swift -primary-file /Users/zhb/Documents/PaperCenterV2/PaperCenterV2/ViewModels/PDFImportViewModel.swift /Users/zhb/Documents/PaperCenterV2/PaperCenterV2/ViewModels/PropertyManagementViewModel.swift /Users/zhb/Documents/PaperCenterV2/PaperCenterV2/ViewModels/TagVariableAssignmentViewModel.swift /Users/zhb/Documents/PaperCenterV2/PaperCenterV2/Views/Components/ColorExtension.swift /Users/zhb/Documents/PaperCenterV2/PaperCenterV2/Views/Components/ListOptionsEditor.swift /Users/zhb/Documents/PaperCenterV2/PaperCenterV2/Views/Components/PropertyScopeSelector.swift /Users/zhb/Documents/PaperCenterV2/PaperCenterV2/Views/Components/PropertyTypeSelector.swift /Users/zhb/Documents/PaperCenterV2/PaperCenterV2/Views/Components/TagColorPicker.swift /Users/zhb/Documents/PaperCenterV2/PaperCenterV2/Views/Components/TagDisplayView.swift /Users/zhb/Documents/PaperCenterV2/PaperCenterV2/Views/Components/TagVariableAssignmentView.swift /Users/zhb/Documents/PaperCenterV2/PaperCenterV2/Views/Components/VariableDisplayView.swift /Users/zhb/Documents/PaperCenterV2/PaperCenterV2/Views/Debug/OCRDebugView.swift /Users/zhb/Documents/PaperCenterV2/PaperCenterV2/Views/Doc/DocCreationView.swift /Users/zhb/Documents/PaperCenterV2/PaperCenterV2/Views/Doc/DocListView.swift /Users/zhb/Documents/PaperCenterV2/PaperCenterV2/Views/Doc/DocRowView.swift /Users/zhb/Documents/PaperCenterV2/PaperCenterV2/Views/PDFBundle/PDFBundleImportView.swift /Users/zhb/Documents/PaperCenterV2/PaperCenterV2/Views/PDFBundle/PDFBundleListView.swift /Users/zhb/Documents/PaperCenterV2/PaperCenterV2/Views/PDFBundle/PDFBundleRowView.swift /Users/zhb/Documents/PaperCenterV2/PaperCenterV2/Views/Properties/PropertiesManagementView.swift /Users/zhb/Documents/PaperCenterV2/PaperCenterV2/Views/Properties/TagEditView.swift /Users/zhb/Documents/PaperCenterV2/PaperCenterV2/Views/Properties/TagGroupEditView.swift /Users/zhb/Documents/PaperCenterV2/PaperCenterV2/Views/Properties/TagGroupListView.swift /Users/zhb/Documents/PaperCenterV2/PaperCenterV2/Views/Properties/TagGroupManagementView.swift /Users/zhb/Documents/PaperCenterV2/PaperCenterV2/Views/Properties/TagListView.swift /Users/zhb/Documents/PaperCenterV2/PaperCenterV2/Views/Properties/VariableEditView.swift /Users/zhb/Documents/PaperCenterV2/PaperCenterV2/Views/Properties/VariableListView.swift /Users/zhb/Documents/PaperCenterV2/PaperCenterV2/Views/MainTabView.swift /Users/zhb/Documents/PaperCenterV2/PaperCenterV2/Views/PlaceholderView.swift /Users/zhb/Documents/PaperCenterV2/PaperCenterV2/PaperCenterV2App.swift /Users/zhb/Library/Developer/Xcode/DerivedData/PaperCenterV2-ggvqsszscayaowbjhsvmhugfvmgq/Build/Intermediates.noindex/PaperCenterV2.build/Debug-iphonesimulator/PaperCenterV2.build/DerivedSources/GeneratedAssetSymbols.swift -supplementary-output-file-map /Users/zhb/Library/Developer/Xcode/DerivedData/PaperCenterV2-ggvqsszscayaowbjhsvmhugfvmgq/Build/Intermediates.noindex/PaperCenterV2.build/Debug-iphonesimulator/PaperCenterV2.build/Objects-normal/arm64/supplementaryOutputs-3 -emit-localized-strings -emit-localized-strings-path /Users/zhb/Library/Developer/Xcode/DerivedData/PaperCenterV2-ggvqsszscayaowbjhsvmhugfvmgq/Build/Intermediates.noindex/PaperCenterV2.build/Debug-iphonesimulator/PaperCenterV2.build/Objects-normal/arm64 -target arm64-apple-ios17.0-simulator -module-can-import-version DeveloperToolsSupport 23.0.4 23.0.4 -module-can-import-version SwiftUI 7.0.84.1 7.0.84 -module-can-import-version UIKit 9088.1.113 9088.1.113 -disable-cross-import-overlay-search -swift-module-cross-import SwiftData /Applications/Xcode.app/Contents/Developer/Platforms/iPhoneSimulator.platform/Developer/SDKs/iPhoneSimulator26.0.sdk/System/Library/Frameworks/SwiftData.framework/Modules/SwiftData.swiftcrossimport/CoreData.swiftoverlay -swift-module-cross-import SwiftData /Applications/Xcode.app/Contents/Developer/Platforms/iPhoneSimulator.platform/Developer/SDKs/iPhoneSimulator26.0.sdk/System/Library/Frameworks/SwiftData.framework/Modules/SwiftData.swiftcrossimport/SwiftUI.swiftoverlay -load-resolved-plugin /Applications/Xcode.app/Contents/Developer/Platforms/iPhoneOS.platform/Developer/usr/lib/swift/host/plugins/libFoundationMacros.dylib\#/Applications/Xcode.app/Contents/Developer/Platforms/iPhoneOS.platform/Developer/usr/bin/swift-plugin-server\#FoundationMacros -load-resolved-plugin /Applications/Xcode.app/Contents/Developer/Platforms/iPhoneOS.platform/Developer/usr/lib/swift/host/plugins/libObservationMacros.dylib\#/Applications/Xcode.app/Contents/Developer/Platforms/iPhoneOS.platform/Developer/usr/bin/swift-plugin-server\#ObservationMacros -load-resolved-plugin /Applications/Xcode.app/Contents/Developer/Platforms/iPhoneOS.platform/Developer/usr/lib/swift/host/plugins/libPreviewsMacros.dylib\#/Applications/Xcode.app/Contents/Developer/Platforms/iPhoneOS.platform/Developer/usr/bin/swift-plugin-server\#PreviewsMacros -load-resolved-plugin /Applications/Xcode.app/Contents/Developer/Platforms/iPhoneOS.platform/Developer/usr/lib/swift/host/plugins/libSwiftDataMacros.dylib\#/Applications/Xcode.app/Contents/Developer/Platforms/iPhoneOS.platform/Developer/usr/bin/swift-plugin-server\#SwiftDataMacros -load-resolved-plugin /Applications/Xcode.app/Contents/Developer/Platforms/iPhoneOS.platform/Developer/usr/lib/swift/host/plugins/libSwiftMacros.dylib\#/Applications/Xcode.app/Contents/Developer/Platforms/iPhoneOS.platform/Developer/usr/bin/swift-plugin-server\#SwiftMacros -load-resolved-plugin /Applications/Xcode.app/Contents/Developer/Platforms/iPhoneOS.platform/Developer/usr/lib/swift/host/plugins/libSwiftUIMacros.dylib\#/Applications/Xcode.app/Contents/Developer/Platforms/iPhoneOS.platform/Developer/usr/bin/swift-plugin-server\#SwiftUIMacros -disable-implicit-swift-modules -Xcc -fno-implicit-modules -Xcc -fno-implicit-module-maps -explicit-swift-module-map-file /Users/zhb/Library/Developer/Xcode/DerivedData/PaperCenterV2-ggvqsszscayaowbjhsvmhugfvmgq/Build/Intermediates.noindex/PaperCenterV2.build/Debug-iphonesimulator/PaperCenterV2.build/Objects-normal/arm64/PaperCenterV2-dependencies-1.json -Xllvm -aarch64-use-tbi -enable-objc-interop -sdk /Applications/Xcode.app/Contents/Developer/Platforms/iPhoneSimulator.platform/Developer/SDKs/iPhoneSimulator26.0.sdk -I /Users/zhb/Library/Developer/Xcode/DerivedData/PaperCenterV2-ggvqsszscayaowbjhsvmhugfvmgq/Build/Products/Debug-iphonesimulator -F /Users/zhb/Library/Developer/Xcode/DerivedData/PaperCenterV2-ggvqsszscayaowbjhsvmhugfvmgq/Build/Products/Debug-iphonesimulator -no-color-diagnostics -Xcc -fno-color-diagnostics -enable-testing -g -debug-info-format\=dwarf -dwarf-version\=4 -module-cache-path /Users/zhb/Library/Developer/Xcode/DerivedData/PaperCenterV2-ggvqsszscayaowbjhsvmhugfvmgq/Build/Intermediates.noindex/SwiftExplicitPrecompiledModules -profile-generate -profile-coverage-mapping -swift-version 5 -enforce-exclusivity\=checked -Onone -D DEBUG -serialize-debugging-options -const-gather-protocols-file /Users/zhb/Library/Developer/Xcode/DerivedData/PaperCenterV2-ggvqsszscayaowbjhsvmhugfvmgq/Build/Intermediates.noindex/PaperCenterV2.build/Debug-iphonesimulator/PaperCenterV2.build/Objects-normal/arm64/PaperCenterV2_const_extract_protocols.json -enable-upcoming-feature DisableOutwardActorInference -enable-upcoming-feature InferSendableFromCaptures -enable-upcoming-feature GlobalActorIsolatedTypesUsability -enable-upcoming-feature MemberImportVisibility -enable-upcoming-feature InferIsolatedConformances -enable-upcoming-feature NonisolatedNonsendingByDefault -enable-experimental-feature DebugDescriptionMacro -enable-bare-slash-regex -default-isolation\=MainActor -empty-abi-descriptor -validate-clang-modules-once -clang-build-session-file /Users/zhb/Library/Developer/Xcode/DerivedData/ModuleCache.noindex/Session.modulevalidation -Xcc -working-directory -Xcc /Users/zhb/Documents/PaperCenterV2 -enable-anonymous-context-mangled-names -file-compilation-dir /Users/zhb/Documents/PaperCenterV2 -Xcc -D_LIBCPP_HARDENING_MODE\=_LIBCPP_HARDENING_MODE_DEBUG -Xcc -ivfsstatcache -Xcc /Users/zhb/Library/Developer/Xcode/DerivedData/SDKStatCaches.noindex/iphonesimulator26.0-23A339-26257891a6c027eb51374368541b8346.sdkstatcache -Xcc -I/Users/zhb/Library/Developer/Xcode/DerivedData/PaperCenterV2-ggvqsszscayaowbjhsvmhugfvmgq/Build/Intermediates.noindex/PaperCenterV2.build/Debug-iphonesimulator/PaperCenterV2.build/swift-overrides.hmap -Xcc -iquote -Xcc /Users/zhb/Library/Developer/Xcode/DerivedData/PaperCenterV2-ggvqsszscayaowbjhsvmhugfvmgq/Build/Intermediates.noindex/PaperCenterV2.build/Debug-iphonesimulator/PaperCenterV2.build/PaperCenterV2-generated-files.hmap -Xcc -I/Users/zhb/Library/Developer/Xcode/DerivedData/PaperCenterV2-ggvqsszscayaowbjhsvmhugfvmgq/Build/Intermediates.noindex/PaperCenterV2.build/Debug-iphonesimulator/PaperCenterV2.build/PaperCenterV2-own-target-headers.hmap -Xcc -I/Users/zhb/Library/Developer/Xcode/DerivedData/PaperCenterV2-ggvqsszscayaowbjhsvmhugfvmgq/Build/Intermediates.noindex/PaperCenterV2.build/Debug-iphonesimulator/PaperCenterV2.build/PaperCenterV2-all-target-headers.hmap -Xcc -iquote -Xcc /Users/zhb/Library/Developer/Xcode/DerivedData/PaperCenterV2-ggvqsszscayaowbjhsvmhugfvmgq/Build/Intermediates.noindex/PaperCenterV2.build/Debug-iphonesimulator/PaperCenterV2.build/PaperCenterV2-project-headers.hmap -Xcc -I/Users/zhb/Library/Developer/Xcode/DerivedData/PaperCenterV2-ggvqsszscayaowbjhsvmhugfvmgq/Build/Products/Debug-iphonesimulator/include -Xcc -I/Users/zhb/Library/Developer/Xcode/DerivedData/PaperCenterV2-ggvqsszscayaowbjhsvmhugfvmgq/Build/Intermediates.noindex/PaperCenterV2.build/Debug-iphonesimulator/PaperCenterV2.build/DerivedSources-normal/arm64 -Xcc -I/Users/zhb/Library/Developer/Xcode/DerivedData/PaperCenterV2-ggvqsszscayaowbjhsvmhugfvmgq/Build/Intermediates.noindex/PaperCenterV2.build/Debug-iphonesimulator/PaperCenterV2.build/DerivedSources/arm64 -Xcc -I/Users/zhb/Library/Developer/Xcode/DerivedData/PaperCenterV2-ggvqsszscayaowbjhsvmhugfvmgq/Build/Intermediates.noindex/PaperCenterV2.build/Debug-iphonesimulator/PaperCenterV2.build/DerivedSources -Xcc -DDEBUG\=1 -no-auto-bridging-header-chaining -module-name PaperCenterV2 -frontend-parseable-output -disable-clang-spi -target-sdk-version 26.0 -target-sdk-name iphonesimulator26.0 -clang-target arm64-apple-ios26.0-simulator -in-process-plugin-server-path /Applications/Xcode.app/Contents/Developer/Toolchains/XcodeDefault.xctoolchain/usr/lib/swift/host/libSwiftInProcPluginServer.dylib -o /Users/zhb/Library/Developer/Xcode/DerivedData/PaperCenterV2-ggvqsszscayaowbjhsvmhugfvmgq/Build/Intermediates.noindex/PaperCenterV2.build/Debug-iphonesimulator/PaperCenterV2.build/Objects-normal/arm64/PropertyManagementService.o -o /Users/zhb/Library/Developer/Xcode/DerivedData/PaperCenterV2-ggvqsszscayaowbjhsvmhugfvmgq/Build/Intermediates.noindex/PaperCenterV2.build/Debug-iphonesimulator/PaperCenterV2.build/Objects-normal/arm64/DocListViewModel.o -o /Users/zhb/Library/Developer/Xcode/DerivedData/PaperCenterV2-ggvqsszscayaowbjhsvmhugfvmgq/Build/Intermediates.noindex/PaperCenterV2.build/Debug-iphonesimulator/PaperCenterV2.build/Objects-normal/arm64/PDFBundleListViewModel.o -o /Users/zhb/Library/Developer/Xcode/DerivedData/PaperCenterV2-ggvqsszscayaowbjhsvmhugfvmgq/Build/Intermediates.noindex/PaperCenterV2.build/Debug-iphonesimulator/PaperCenterV2.build/Objects-normal/arm64/PDFImportViewModel.o -index-unit-output-path /PaperCenterV2.build/Debug-iphonesimulator/PaperCenterV2.build/Objects-normal/arm64/PropertyManagementService.o -index-unit-output-path /PaperCenterV2.build/Debug-iphonesimulator/PaperCenterV2.build/Objects-normal/arm64/DocListViewModel.o -index-unit-output-path /PaperCenterV2.build/Debug-iphonesimulator/PaperCenterV2.build/Objects-normal/arm64/PDFBundleListViewModel.o -index-unit-output-path /PaperCenterV2.build/Debug-iphonesimulator/PaperCenterV2.build/Objects-normal/arm64/PDFImportViewModel.o -index-store-path /Users/zhb/Library/Developer/Xcode/DerivedData/PaperCenterV2-ggvqsszscayaowbjhsvmhugfvmgq/Index.noindex/DataStore -index-system-modules

SwiftCompile normal arm64 /Users/zhb/Documents/PaperCenterV2/PaperCenterV2/Services/PropertyManagementService.swift (in target 'PaperCenterV2' from project 'PaperCenterV2')
    cd /Users/zhb/Documents/PaperCenterV2
    
@__swiftmacro_13PaperCenterV20036PropertyManagementServiceswift_tjBBlfMX429_27_33_63B0A0CC4F802B962D406673BCB30147Ll9PredicatefMf_.swift:2:26: error: cannot convert value of type 'PredicateExpressions.Equal<PredicateExpressions.OptionalFlatMap<PredicateExpressions.KeyPath<PredicateExpressions.Variable<Tag>, Optional<TagGroup>>, TagGroup, PredicateExpressions.KeyPath<PredicateExpressions.Variable<TagGroup>, UUID>, UUID>, PredicateExpressions.KeyPath<PredicateExpressions.Value<TagGroup>, PredicateExpressions.OptionalFlatMap<PredicateExpressions.KeyPath<PredicateExpressions.Variable<Tag>, Optional<TagGroup>>, TagGroup, PredicateExpressions.KeyPath<PredicateExpressions.Variable<TagGroup>, UUID>, UUID>.Output>>' (aka 'PredicateExpressions.Equal<PredicateExpressions.OptionalFlatMap<PredicateExpressions.KeyPath<PredicateExpressions.Variable<Tag>, Optional<TagGroup>>, TagGroup, PredicateExpressions.KeyPath<PredicateExpressions.Variable<TagGroup>, UUID>, UUID>, PredicateExpressions.KeyPath<PredicateExpressions.Value<TagGroup>, Optional<UUID>>>') to closure result type 'any StandardPredicateExpression<Bool>'
    PredicateExpressions.build_Equal(
    ~~~~~~~~~~~~~~~~~~~~~^~~~~~~~~~~~
/Users/zhb/Documents/PaperCenterV2/PaperCenterV2/Services/PropertyManagementService.swift:430:28: note: in expansion of macro 'Predicate' here
                predicate: #Predicate { $0.tagGroup?.id == tagGroup.id },
                           ^~~~~~~~~~~~~~~~~~~~~~~~~~~~~~~~~~~~~~~~~~~~~
/Users/zhb/Documents/PaperCenterV2/PaperCenterV2/Services/PropertyManagementService.swift:430:28: note: in expansion of macro 'Predicate' here
                predicate: #Predicate { $0.tagGroup?.id == tagGroup.id },
                           ^~~~~~~~~~~~~~~~~~~~~~~~~~~~~~~~~~~~~~~~~~~~~
@__swiftmacro_13PaperCenterV20036PropertyManagementServiceswift_tjBBlfMX429_27_33_63B0A0CC4F802B962D406673BCB30147Ll9PredicatefMf_.swift:16:22: error: cannot convert value of type 'KeyPath<TagGroup, UUID>' to expected argument type 'KeyPath<PredicateExpressions.Value<TagGroup>.Output, PredicateExpressions.OptionalFlatMap<PredicateExpressions.KeyPath<PredicateExpressions.Variable<Tag>, Optional<TagGroup>>, TagGroup, PredicateExpressions.KeyPath<PredicateExpressions.Variable<TagGroup>, UUID>, UUID>.Output>' (aka 'KeyPath<PredicateExpressions.Value<TagGroup>.Output, Optional<UUID>>')
            keyPath: \.id
                     ^
/Users/zhb/Documents/PaperCenterV2/PaperCenterV2/Services/PropertyManagementService.swift:430:28: note: in expansion of macro 'Predicate' here
                predicate: #Predicate { $0.tagGroup?.id == tagGroup.id },
                           ^~~~~~~~~~~~~~~~~~~~~~~~~~~~~~~~~~~~~~~~~~~~~
/Users/zhb/Documents/PaperCenterV2/PaperCenterV2/Services/PropertyManagementService.swift:430:28: note: in expansion of macro 'Predicate' here
                predicate: #Predicate { $0.tagGroup?.id == tagGroup.id },
                           ^~~~~~~~~~~~~~~~~~~~~~~~~~~~~~~~~~~~~~~~~~~~~
@__swiftmacro_13PaperCenterV20036PropertyManagementServiceswift_tjBBlfMX429_27_33_63B0A0CC4F802B962D406673BCB30147Ll9PredicatefMf_.swift:16:22: note: arguments to generic parameter 'Value' ('UUID' and 'PredicateExpressions.OptionalFlatMap<PredicateExpressions.KeyPath<PredicateExpressions.Variable<Tag>, Optional<TagGroup>>, TagGroup, PredicateExpressions.KeyPath<PredicateExpressions.Variable<TagGroup>, UUID>, UUID>.Output' (aka 'Optional<UUID>')) are expected to be equal
            keyPath: \.id
                     ^
/Users/zhb/Documents/PaperCenterV2/PaperCenterV2/Services/PropertyManagementService.swift:430:28: note: in expansion of macro 'Predicate' here
                predicate: #Predicate { $0.tagGroup?.id == tagGroup.id },
                           ^~~~~~~~~~~~~~~~~~~~~~~~~~~~~~~~~~~~~~~~~~~~~
/Users/zhb/Documents/PaperCenterV2/PaperCenterV2/Services/PropertyManagementService.swift:430:28: note: in expansion of macro 'Predicate' here
                predicate: #Predicate { $0.tagGroup?.id == tagGroup.id },
                           ^~~~~~~~~~~~~~~~~~~~~~~~~~~~~~~~~~~~~~~~~~~~~

SwiftCompile normal arm64 /Users/zhb/Documents/PaperCenterV2/PaperCenterV2/ViewModels/DocListViewModel.swift (in target 'PaperCenterV2' from project 'PaperCenterV2')
    cd /Users/zhb/Documents/PaperCenterV2
    
@__swiftmacro_13PaperCenterV20036PropertyManagementServiceswift_tjBBlfMX429_27_33_63B0A0CC4F802B962D406673BCB30147Ll9PredicatefMf_.swift:2:26: error: cannot convert value of type 'PredicateExpressions.Equal<PredicateExpressions.OptionalFlatMap<PredicateExpressions.KeyPath<PredicateExpressions.Variable<Tag>, Optional<TagGroup>>, TagGroup, PredicateExpressions.KeyPath<PredicateExpressions.Variable<TagGroup>, UUID>, UUID>, PredicateExpressions.KeyPath<PredicateExpressions.Value<TagGroup>, PredicateExpressions.OptionalFlatMap<PredicateExpressions.KeyPath<PredicateExpressions.Variable<Tag>, Optional<TagGroup>>, TagGroup, PredicateExpressions.KeyPath<PredicateExpressions.Variable<TagGroup>, UUID>, UUID>.Output>>' (aka 'PredicateExpressions.Equal<PredicateExpressions.OptionalFlatMap<PredicateExpressions.KeyPath<PredicateExpressions.Variable<Tag>, Optional<TagGroup>>, TagGroup, PredicateExpressions.KeyPath<PredicateExpressions.Variable<TagGroup>, UUID>, UUID>, PredicateExpressions.KeyPath<PredicateExpressions.Value<TagGroup>, Optional<UUID>>>') to closure result type 'any StandardPredicateExpression<Bool>'
    PredicateExpressions.build_Equal(
    ~~~~~~~~~~~~~~~~~~~~~^~~~~~~~~~~~
/Users/zhb/Documents/PaperCenterV2/PaperCenterV2/Services/PropertyManagementService.swift:430:28: note: in expansion of macro 'Predicate' here
                predicate: #Predicate { $0.tagGroup?.id == tagGroup.id },
                           ^~~~~~~~~~~~~~~~~~~~~~~~~~~~~~~~~~~~~~~~~~~~~
/Users/zhb/Documents/PaperCenterV2/PaperCenterV2/Services/PropertyManagementService.swift:430:28: note: in expansion of macro 'Predicate' here
                predicate: #Predicate { $0.tagGroup?.id == tagGroup.id },
                           ^~~~~~~~~~~~~~~~~~~~~~~~~~~~~~~~~~~~~~~~~~~~~
@__swiftmacro_13PaperCenterV20036PropertyManagementServiceswift_tjBBlfMX429_27_33_63B0A0CC4F802B962D406673BCB30147Ll9PredicatefMf_.swift:16:22: error: cannot convert value of type 'KeyPath<TagGroup, UUID>' to expected argument type 'KeyPath<PredicateExpressions.Value<TagGroup>.Output, PredicateExpressions.OptionalFlatMap<PredicateExpressions.KeyPath<PredicateExpressions.Variable<Tag>, Optional<TagGroup>>, TagGroup, PredicateExpressions.KeyPath<PredicateExpressions.Variable<TagGroup>, UUID>, UUID>.Output>' (aka 'KeyPath<PredicateExpressions.Value<TagGroup>.Output, Optional<UUID>>')
            keyPath: \.id
                     ^
/Users/zhb/Documents/PaperCenterV2/PaperCenterV2/Services/PropertyManagementService.swift:430:28: note: in expansion of macro 'Predicate' here
                predicate: #Predicate { $0.tagGroup?.id == tagGroup.id },
                           ^~~~~~~~~~~~~~~~~~~~~~~~~~~~~~~~~~~~~~~~~~~~~
/Users/zhb/Documents/PaperCenterV2/PaperCenterV2/Services/PropertyManagementService.swift:430:28: note: in expansion of macro 'Predicate' here
                predicate: #Predicate { $0.tagGroup?.id == tagGroup.id },
                           ^~~~~~~~~~~~~~~~~~~~~~~~~~~~~~~~~~~~~~~~~~~~~
@__swiftmacro_13PaperCenterV20036PropertyManagementServiceswift_tjBBlfMX429_27_33_63B0A0CC4F802B962D406673BCB30147Ll9PredicatefMf_.swift:16:22: note: arguments to generic parameter 'Value' ('UUID' and 'PredicateExpressions.OptionalFlatMap<PredicateExpressions.KeyPath<PredicateExpressions.Variable<Tag>, Optional<TagGroup>>, TagGroup, PredicateExpressions.KeyPath<PredicateExpressions.Variable<TagGroup>, UUID>, UUID>.Output' (aka 'Optional<UUID>')) are expected to be equal
            keyPath: \.id
                     ^
/Users/zhb/Documents/PaperCenterV2/PaperCenterV2/Services/PropertyManagementService.swift:430:28: note: in expansion of macro 'Predicate' here
                predicate: #Predicate { $0.tagGroup?.id == tagGroup.id },
                           ^~~~~~~~~~~~~~~~~~~~~~~~~~~~~~~~~~~~~~~~~~~~~
/Users/zhb/Documents/PaperCenterV2/PaperCenterV2/Services/PropertyManagementService.swift:430:28: note: in expansion of macro 'Predicate' here
                predicate: #Predicate { $0.tagGroup?.id == tagGroup.id },
                           ^~~~~~~~~~~~~~~~~~~~~~~~~~~~~~~~~~~~~~~~~~~~~

SwiftCompile normal arm64 /Users/zhb/Documents/PaperCenterV2/PaperCenterV2/ViewModels/PDFBundleListViewModel.swift (in target 'PaperCenterV2' from project 'PaperCenterV2')
    cd /Users/zhb/Documents/PaperCenterV2
    
@__swiftmacro_13PaperCenterV20036PropertyManagementServiceswift_tjBBlfMX429_27_33_63B0A0CC4F802B962D406673BCB30147Ll9PredicatefMf_.swift:2:26: error: cannot convert value of type 'PredicateExpressions.Equal<PredicateExpressions.OptionalFlatMap<PredicateExpressions.KeyPath<PredicateExpressions.Variable<Tag>, Optional<TagGroup>>, TagGroup, PredicateExpressions.KeyPath<PredicateExpressions.Variable<TagGroup>, UUID>, UUID>, PredicateExpressions.KeyPath<PredicateExpressions.Value<TagGroup>, PredicateExpressions.OptionalFlatMap<PredicateExpressions.KeyPath<PredicateExpressions.Variable<Tag>, Optional<TagGroup>>, TagGroup, PredicateExpressions.KeyPath<PredicateExpressions.Variable<TagGroup>, UUID>, UUID>.Output>>' (aka 'PredicateExpressions.Equal<PredicateExpressions.OptionalFlatMap<PredicateExpressions.KeyPath<PredicateExpressions.Variable<Tag>, Optional<TagGroup>>, TagGroup, PredicateExpressions.KeyPath<PredicateExpressions.Variable<TagGroup>, UUID>, UUID>, PredicateExpressions.KeyPath<PredicateExpressions.Value<TagGroup>, Optional<UUID>>>') to closure result type 'any StandardPredicateExpression<Bool>'
    PredicateExpressions.build_Equal(
    ~~~~~~~~~~~~~~~~~~~~~^~~~~~~~~~~~
/Users/zhb/Documents/PaperCenterV2/PaperCenterV2/Services/PropertyManagementService.swift:430:28: note: in expansion of macro 'Predicate' here
                predicate: #Predicate { $0.tagGroup?.id == tagGroup.id },
                           ^~~~~~~~~~~~~~~~~~~~~~~~~~~~~~~~~~~~~~~~~~~~~
/Users/zhb/Documents/PaperCenterV2/PaperCenterV2/Services/PropertyManagementService.swift:430:28: note: in expansion of macro 'Predicate' here
                predicate: #Predicate { $0.tagGroup?.id == tagGroup.id },
                           ^~~~~~~~~~~~~~~~~~~~~~~~~~~~~~~~~~~~~~~~~~~~~
@__swiftmacro_13PaperCenterV20036PropertyManagementServiceswift_tjBBlfMX429_27_33_63B0A0CC4F802B962D406673BCB30147Ll9PredicatefMf_.swift:16:22: error: cannot convert value of type 'KeyPath<TagGroup, UUID>' to expected argument type 'KeyPath<PredicateExpressions.Value<TagGroup>.Output, PredicateExpressions.OptionalFlatMap<PredicateExpressions.KeyPath<PredicateExpressions.Variable<Tag>, Optional<TagGroup>>, TagGroup, PredicateExpressions.KeyPath<PredicateExpressions.Variable<TagGroup>, UUID>, UUID>.Output>' (aka 'KeyPath<PredicateExpressions.Value<TagGroup>.Output, Optional<UUID>>')
            keyPath: \.id
                     ^
/Users/zhb/Documents/PaperCenterV2/PaperCenterV2/Services/PropertyManagementService.swift:430:28: note: in expansion of macro 'Predicate' here
                predicate: #Predicate { $0.tagGroup?.id == tagGroup.id },
                           ^~~~~~~~~~~~~~~~~~~~~~~~~~~~~~~~~~~~~~~~~~~~~
/Users/zhb/Documents/PaperCenterV2/PaperCenterV2/Services/PropertyManagementService.swift:430:28: note: in expansion of macro 'Predicate' here
                predicate: #Predicate { $0.tagGroup?.id == tagGroup.id },
                           ^~~~~~~~~~~~~~~~~~~~~~~~~~~~~~~~~~~~~~~~~~~~~
@__swiftmacro_13PaperCenterV20036PropertyManagementServiceswift_tjBBlfMX429_27_33_63B0A0CC4F802B962D406673BCB30147Ll9PredicatefMf_.swift:16:22: note: arguments to generic parameter 'Value' ('UUID' and 'PredicateExpressions.OptionalFlatMap<PredicateExpressions.KeyPath<PredicateExpressions.Variable<Tag>, Optional<TagGroup>>, TagGroup, PredicateExpressions.KeyPath<PredicateExpressions.Variable<TagGroup>, UUID>, UUID>.Output' (aka 'Optional<UUID>')) are expected to be equal
            keyPath: \.id
                     ^
/Users/zhb/Documents/PaperCenterV2/PaperCenterV2/Services/PropertyManagementService.swift:430:28: note: in expansion of macro 'Predicate' here
                predicate: #Predicate { $0.tagGroup?.id == tagGroup.id },
                           ^~~~~~~~~~~~~~~~~~~~~~~~~~~~~~~~~~~~~~~~~~~~~
/Users/zhb/Documents/PaperCenterV2/PaperCenterV2/Services/PropertyManagementService.swift:430:28: note: in expansion of macro 'Predicate' here
                predicate: #Predicate { $0.tagGroup?.id == tagGroup.id },
                           ^~~~~~~~~~~~~~~~~~~~~~~~~~~~~~~~~~~~~~~~~~~~~

SwiftCompile normal arm64 /Users/zhb/Documents/PaperCenterV2/PaperCenterV2/ViewModels/PDFImportViewModel.swift (in target 'PaperCenterV2' from project 'PaperCenterV2')
    cd /Users/zhb/Documents/PaperCenterV2
    
@__swiftmacro_13PaperCenterV20036PropertyManagementServiceswift_tjBBlfMX429_27_33_63B0A0CC4F802B962D406673BCB30147Ll9PredicatefMf_.swift:2:26: error: cannot convert value of type 'PredicateExpressions.Equal<PredicateExpressions.OptionalFlatMap<PredicateExpressions.KeyPath<PredicateExpressions.Variable<Tag>, Optional<TagGroup>>, TagGroup, PredicateExpressions.KeyPath<PredicateExpressions.Variable<TagGroup>, UUID>, UUID>, PredicateExpressions.KeyPath<PredicateExpressions.Value<TagGroup>, PredicateExpressions.OptionalFlatMap<PredicateExpressions.KeyPath<PredicateExpressions.Variable<Tag>, Optional<TagGroup>>, TagGroup, PredicateExpressions.KeyPath<PredicateExpressions.Variable<TagGroup>, UUID>, UUID>.Output>>' (aka 'PredicateExpressions.Equal<PredicateExpressions.OptionalFlatMap<PredicateExpressions.KeyPath<PredicateExpressions.Variable<Tag>, Optional<TagGroup>>, TagGroup, PredicateExpressions.KeyPath<PredicateExpressions.Variable<TagGroup>, UUID>, UUID>, PredicateExpressions.KeyPath<PredicateExpressions.Value<TagGroup>, Optional<UUID>>>') to closure result type 'any StandardPredicateExpression<Bool>'
    PredicateExpressions.build_Equal(
    ~~~~~~~~~~~~~~~~~~~~~^~~~~~~~~~~~
/Users/zhb/Documents/PaperCenterV2/PaperCenterV2/Services/PropertyManagementService.swift:430:28: note: in expansion of macro 'Predicate' here
                predicate: #Predicate { $0.tagGroup?.id == tagGroup.id },
                           ^~~~~~~~~~~~~~~~~~~~~~~~~~~~~~~~~~~~~~~~~~~~~
/Users/zhb/Documents/PaperCenterV2/PaperCenterV2/Services/PropertyManagementService.swift:430:28: note: in expansion of macro 'Predicate' here
                predicate: #Predicate { $0.tagGroup?.id == tagGroup.id },
                           ^~~~~~~~~~~~~~~~~~~~~~~~~~~~~~~~~~~~~~~~~~~~~
@__swiftmacro_13PaperCenterV20036PropertyManagementServiceswift_tjBBlfMX429_27_33_63B0A0CC4F802B962D406673BCB30147Ll9PredicatefMf_.swift:16:22: error: cannot convert value of type 'KeyPath<TagGroup, UUID>' to expected argument type 'KeyPath<PredicateExpressions.Value<TagGroup>.Output, PredicateExpressions.OptionalFlatMap<PredicateExpressions.KeyPath<PredicateExpressions.Variable<Tag>, Optional<TagGroup>>, TagGroup, PredicateExpressions.KeyPath<PredicateExpressions.Variable<TagGroup>, UUID>, UUID>.Output>' (aka 'KeyPath<PredicateExpressions.Value<TagGroup>.Output, Optional<UUID>>')
            keyPath: \.id
                     ^
/Users/zhb/Documents/PaperCenterV2/PaperCenterV2/Services/PropertyManagementService.swift:430:28: note: in expansion of macro 'Predicate' here
                predicate: #Predicate { $0.tagGroup?.id == tagGroup.id },
                           ^~~~~~~~~~~~~~~~~~~~~~~~~~~~~~~~~~~~~~~~~~~~~
/Users/zhb/Documents/PaperCenterV2/PaperCenterV2/Services/PropertyManagementService.swift:430:28: note: in expansion of macro 'Predicate' here
                predicate: #Predicate { $0.tagGroup?.id == tagGroup.id },
                           ^~~~~~~~~~~~~~~~~~~~~~~~~~~~~~~~~~~~~~~~~~~~~
@__swiftmacro_13PaperCenterV20036PropertyManagementServiceswift_tjBBlfMX429_27_33_63B0A0CC4F802B962D406673BCB30147Ll9PredicatefMf_.swift:16:22: note: arguments to generic parameter 'Value' ('UUID' and 'PredicateExpressions.OptionalFlatMap<PredicateExpressions.KeyPath<PredicateExpressions.Variable<Tag>, Optional<TagGroup>>, TagGroup, PredicateExpressions.KeyPath<PredicateExpressions.Variable<TagGroup>, UUID>, UUID>.Output' (aka 'Optional<UUID>')) are expected to be equal
            keyPath: \.id
                     ^
/Users/zhb/Documents/PaperCenterV2/PaperCenterV2/Services/PropertyManagementService.swift:430:28: note: in expansion of macro 'Predicate' here
                predicate: #Predicate { $0.tagGroup?.id == tagGroup.id },
                           ^~~~~~~~~~~~~~~~~~~~~~~~~~~~~~~~~~~~~~~~~~~~~
/Users/zhb/Documents/PaperCenterV2/PaperCenterV2/Services/PropertyManagementService.swift:430:28: note: in expansion of macro 'Predicate' here
                predicate: #Predicate { $0.tagGroup?.id == tagGroup.id },
                           ^~~~~~~~~~~~~~~~~~~~~~~~~~~~~~~~~~~~~~~~~~~~~

SwiftCompile normal arm64 Compiling\ DocListView.swift,\ DocRowView.swift,\ PDFBundleImportView.swift /Users/zhb/Documents/PaperCenterV2/PaperCenterV2/Views/Doc/DocListView.swift /Users/zhb/Documents/PaperCenterV2/PaperCenterV2/Views/Doc/DocRowView.swift /Users/zhb/Documents/PaperCenterV2/PaperCenterV2/Views/PDFBundle/PDFBundleImportView.swift (in target 'PaperCenterV2' from project 'PaperCenterV2')

SwiftCompile normal arm64 /Users/zhb/Documents/PaperCenterV2/PaperCenterV2/Views/Doc/DocListView.swift (in target 'PaperCenterV2' from project 'PaperCenterV2')
    cd /Users/zhb/Documents/PaperCenterV2
    

SwiftCompile normal arm64 /Users/zhb/Documents/PaperCenterV2/PaperCenterV2/Views/Doc/DocRowView.swift (in target 'PaperCenterV2' from project 'PaperCenterV2')
    cd /Users/zhb/Documents/PaperCenterV2
    

SwiftCompile normal arm64 /Users/zhb/Documents/PaperCenterV2/PaperCenterV2/Views/PDFBundle/PDFBundleImportView.swift (in target 'PaperCenterV2' from project 'PaperCenterV2')
    cd /Users/zhb/Documents/PaperCenterV2
    

SwiftCompile normal arm64 Compiling\ PropertyManagementViewModel.swift,\ TagVariableAssignmentViewModel.swift,\ ColorExtension.swift,\ ListOptionsEditor.swift /Users/zhb/Documents/PaperCenterV2/PaperCenterV2/ViewModels/PropertyManagementViewModel.swift /Users/zhb/Documents/PaperCenterV2/PaperCenterV2/ViewModels/TagVariableAssignmentViewModel.swift /Users/zhb/Documents/PaperCenterV2/PaperCenterV2/Views/Components/ColorExtension.swift /Users/zhb/Documents/PaperCenterV2/PaperCenterV2/Views/Components/ListOptionsEditor.swift (in target 'PaperCenterV2' from project 'PaperCenterV2')

